0 verbose cli /usr/local/bin/node /usr/local/bin/npm
1 info using npm@8.15.0
2 info using node@v16.17.0
3 timing npm:load:whichnode Completed in 0ms
4 timing config:load:defaults Completed in 1ms
5 timing config:load:file:/usr/local/lib/node_modules/npm/npmrc Completed in 0ms
6 timing config:load:builtin Completed in 0ms
7 timing config:load:cli Completed in 1ms
8 timing config:load:env Completed in 0ms
9 timing config:load:file:/Users/giangta/Desktop/extra learning/RESTful_Routes_CODE/RESTDemo/.npmrc Completed in 0ms
10 timing config:load:project Completed in 3ms
11 timing config:load:file:/Users/giangta/.npmrc Completed in 0ms
12 timing config:load:user Completed in 0ms
13 timing config:load:file:/usr/local/etc/npmrc Completed in 0ms
14 timing config:load:global Completed in 0ms
15 timing config:load:validate Completed in 0ms
16 timing config:load:credentials Completed in 1ms
17 timing config:load:setEnvs Completed in 0ms
18 timing config:load Completed in 6ms
19 timing npm:load:configload Completed in 6ms
20 timing npm:load:mkdirpcache Completed in 0ms
21 timing npm:load:mkdirplogs Completed in 0ms
22 verbose title npm install method-override
23 verbose argv "install" "method-override"
24 timing npm:load:setTitle Completed in 5ms
25 timing config:load:flatten Completed in 1ms
26 timing npm:load:display Completed in 2ms
27 verbose logfile logs-max:10 dir:/Users/giangta/.npm/_logs
28 verbose logfile /Users/giangta/.npm/_logs/2023-01-24T10_27_45_835Z-debug-0.log
29 timing npm:load:logFile Completed in 3ms
30 timing npm:load:timers Completed in 0ms
31 timing npm:load:configScope Completed in 0ms
32 timing npm:load Completed in 18ms
33 timing arborist:ctor Completed in 0ms
34 silly logfile start cleaning logs, removing 1 files
35 silly logfile done cleaning log files
36 timing idealTree:init Completed in 27ms
37 warn old lockfile
37 warn old lockfile The package-lock.json file was created with an old version of npm,
37 warn old lockfile so supplemental metadata must be fetched from the registry.
37 warn old lockfile
37 warn old lockfile This is a one-time fix-up, please be patient...
37 warn old lockfile
38 silly inflate node_modules/accepts
39 silly inflate node_modules/ansi-styles
40 silly inflate node_modules/array-flatten
41 silly inflate node_modules/async
42 silly inflate node_modules/balanced-match
43 silly inflate node_modules/body-parser
44 silly inflate node_modules/brace-expansion
45 silly inflate node_modules/bytes
46 timing arborist:ctor Completed in 0ms
47 http fetch GET 200 https://registry.npmjs.org/balanced-match 35ms (cache hit)
48 silly inflate node_modules/chalk
49 http fetch GET 200 https://registry.npmjs.org/async 37ms (cache hit)
50 silly inflate node_modules/color-convert
51 http fetch GET 200 https://registry.npmjs.org/ansi-styles 38ms (cache hit)
52 silly inflate node_modules/color-name
53 http fetch GET 200 https://registry.npmjs.org/brace-expansion 38ms (cache hit)
54 silly inflate node_modules/concat-map
55 http fetch GET 200 https://registry.npmjs.org/color-convert 5ms (cache hit)
56 silly inflate node_modules/content-disposition
57 http fetch GET 200 https://registry.npmjs.org/concat-map 4ms (cache hit)
58 silly inflate node_modules/content-type
59 http fetch GET 200 https://registry.npmjs.org/color-name 6ms (cache hit)
60 silly inflate node_modules/cookie
61 http fetch GET 200 https://registry.npmjs.org/chalk 8ms (cache hit)
62 silly inflate node_modules/cookie-signature
63 http fetch GET 200 https://registry.npmjs.org/accepts 203ms (cache revalidated)
64 silly inflate node_modules/debug
65 http fetch GET 200 https://registry.npmjs.org/array-flatten 209ms (cache revalidated)
66 silly inflate node_modules/depd
67 http fetch GET 200 https://registry.npmjs.org/bytes 209ms (cache revalidated)
68 silly inflate node_modules/destroy
69 http fetch GET 200 https://registry.npmjs.org/body-parser 210ms (cache revalidated)
70 silly inflate node_modules/ee-first
71 http fetch GET 200 https://registry.npmjs.org/cookie 168ms (cache revalidated)
72 silly inflate node_modules/ejs
73 http fetch GET 200 https://registry.npmjs.org/content-type 176ms (cache revalidated)
74 silly inflate node_modules/encodeurl
75 http fetch GET 200 https://registry.npmjs.org/cookie-signature 175ms (cache revalidated)
76 silly inflate node_modules/escape-html
77 http fetch GET 200 https://registry.npmjs.org/content-disposition 178ms (cache revalidated)
78 silly inflate node_modules/escape-string-regexp
79 http fetch GET 200 https://registry.npmjs.org/ejs 14ms (cache hit)
80 silly inflate node_modules/etag
81 http fetch GET 200 https://registry.npmjs.org/debug 55ms (cache revalidated)
82 silly inflate node_modules/express
83 http fetch GET 200 https://registry.npmjs.org/depd 61ms (cache revalidated)
84 silly inflate node_modules/filelist
85 http fetch GET 200 https://registry.npmjs.org/ee-first 59ms (cache revalidated)
86 silly inflate node_modules/finalhandler
87 http fetch GET 200 https://registry.npmjs.org/filelist 3ms (cache hit)
88 silly inflate node_modules/forwarded
89 http fetch GET 200 https://registry.npmjs.org/escape-string-regexp 56ms (cache revalidated)
90 silly inflate node_modules/fresh
91 http fetch GET 200 https://registry.npmjs.org/etag 51ms (cache revalidated)
92 silly inflate node_modules/has-flag
93 http fetch GET 200 https://registry.npmjs.org/destroy 69ms (cache revalidated)
94 silly inflate node_modules/http-errors
95 http fetch GET 200 https://registry.npmjs.org/escape-html 62ms (cache revalidated)
96 silly inflate node_modules/iconv-lite
97 http fetch GET 200 https://registry.npmjs.org/encodeurl 65ms (cache revalidated)
98 silly inflate node_modules/inherits
99 http fetch GET 200 https://registry.npmjs.org/has-flag 7ms (cache hit)
100 silly inflate node_modules/ipaddr.js
101 http fetch GET 200 https://registry.npmjs.org/express 42ms (cache revalidated)
102 silly inflate node_modules/jake
103 http fetch GET 200 https://registry.npmjs.org/jake 5ms (cache hit)
104 silly inflate node_modules/media-typer
105 http fetch GET 200 https://registry.npmjs.org/forwarded 48ms (cache revalidated)
106 silly inflate node_modules/merge-descriptors
107 http fetch GET 200 https://registry.npmjs.org/finalhandler 53ms (cache revalidated)
108 silly inflate node_modules/method-override
109 http fetch GET 200 https://registry.npmjs.org/fresh 53ms (cache revalidated)
110 silly inflate node_modules/method-override/node_modules/debug
111 silly inflate node_modules/methods
112 http fetch GET 200 https://registry.npmjs.org/http-errors 52ms (cache revalidated)
113 silly inflate node_modules/mime
114 http fetch GET 200 https://registry.npmjs.org/ipaddr.js 52ms (cache revalidated)
115 silly inflate node_modules/mime-db
116 http fetch GET 200 https://registry.npmjs.org/inherits 55ms (cache revalidated)
117 silly inflate node_modules/mime-types
118 http fetch GET 200 https://registry.npmjs.org/iconv-lite 57ms (cache revalidated)
119 silly inflate node_modules/minimatch
120 http fetch GET 200 https://registry.npmjs.org/minimatch 3ms (cache hit)
121 silly inflate node_modules/ms
122 http fetch GET 200 https://registry.npmjs.org/media-typer 41ms (cache revalidated)
123 silly inflate node_modules/negotiator
124 http fetch GET 200 https://registry.npmjs.org/merge-descriptors 60ms (cache revalidated)
125 silly inflate node_modules/on-finished
126 http fetch GET 200 https://registry.npmjs.org/methods 57ms (cache revalidated)
127 silly inflate node_modules/parseurl
128 http fetch GET 200 https://registry.npmjs.org/mime-types 50ms (cache revalidated)
129 silly inflate node_modules/path-to-regexp
130 http fetch GET 200 https://registry.npmjs.org/mime 58ms (cache revalidated)
131 silly inflate node_modules/proxy-addr
132 http fetch GET 200 https://registry.npmjs.org/method-override 74ms (cache miss)
133 silly inflate node_modules/qs
134 http fetch GET 200 https://registry.npmjs.org/mime-db 63ms (cache revalidated)
135 silly inflate node_modules/range-parser
136 http fetch GET 200 https://registry.npmjs.org/negotiator 53ms (cache revalidated)
137 silly inflate node_modules/raw-body
138 http fetch GET 200 https://registry.npmjs.org/ms 61ms (cache updated)
139 silly inflate node_modules/safe-buffer
140 http fetch GET 200 https://registry.npmjs.org/on-finished 57ms (cache revalidated)
141 silly inflate node_modules/safer-buffer
142 http fetch GET 200 https://registry.npmjs.org/range-parser 44ms (cache revalidated)
143 silly inflate node_modules/send
144 http fetch GET 200 https://registry.npmjs.org/safe-buffer 41ms (cache revalidated)
145 silly inflate node_modules/send/node_modules/ms
146 silly inflate node_modules/serve-static
147 http fetch GET 200 https://registry.npmjs.org/raw-body 50ms (cache revalidated)
148 silly inflate node_modules/setprototypeof
149 http fetch GET 200 https://registry.npmjs.org/qs 57ms (cache revalidated)
150 silly inflate node_modules/statuses
151 http fetch GET 200 https://registry.npmjs.org/parseurl 72ms (cache revalidated)
152 silly inflate node_modules/supports-color
153 http fetch GET 200 https://registry.npmjs.org/path-to-regexp 72ms (cache revalidated)
154 silly inflate node_modules/toidentifier
155 http fetch GET 200 https://registry.npmjs.org/proxy-addr 73ms (cache revalidated)
156 silly inflate node_modules/type-is
157 http fetch GET 200 https://registry.npmjs.org/supports-color 5ms (cache hit)
158 silly inflate node_modules/unpipe
159 http fetch GET 200 https://registry.npmjs.org/safer-buffer 45ms (cache revalidated)
160 silly inflate node_modules/utils-merge
161 http fetch GET 200 https://registry.npmjs.org/serve-static 42ms (cache revalidated)
162 silly inflate node_modules/uuid
163 http fetch GET 200 https://registry.npmjs.org/send 45ms (cache revalidated)
164 silly inflate node_modules/vary
165 http fetch GET 200 https://registry.npmjs.org/toidentifier 50ms (cache revalidated)
166 http fetch GET 200 https://registry.npmjs.org/setprototypeof 58ms (cache revalidated)
167 http fetch GET 200 https://registry.npmjs.org/unpipe 53ms (cache revalidated)
168 http fetch GET 200 https://registry.npmjs.org/type-is 61ms (cache revalidated)
169 http fetch GET 200 https://registry.npmjs.org/statuses 68ms (cache revalidated)
170 http fetch GET 200 https://registry.npmjs.org/vary 39ms (cache revalidated)
171 http fetch GET 200 https://registry.npmjs.org/utils-merge 51ms (cache revalidated)
172 http fetch GET 200 https://registry.npmjs.org/uuid 50ms (cache revalidated)
173 timing idealTree:inflate Completed in 546ms
174 timing idealTree:userRequests Completed in 0ms
175 silly idealTree buildDeps
176 silly fetch manifest method-override@^3.0.0
177 silly placeDep ROOT method-override@3.0.0 REPLACE for: RESTDemo@1.0.0 want: ^3.0.0
178 timing idealTree:#root Completed in 2ms
179 timing idealTree:node_modules/method-override Completed in 0ms
180 timing idealTree:buildDeps Completed in 4ms
181 timing idealTree:fixDepFlags Completed in 0ms
182 timing idealTree Completed in 578ms
183 timing reify:loadTrees Completed in 579ms
184 timing reify:diffTrees Completed in 1ms
185 silly reify mark retired [
185 silly reify   '/Users/giangta/Desktop/extra learning/RESTful_Routes_CODE/RESTDemo/node_modules/ansi-styles'
185 silly reify ]
186 silly reify mark retired [
186 silly reify   '/Users/giangta/Desktop/extra learning/RESTful_Routes_CODE/RESTDemo/node_modules/async'
186 silly reify ]
187 silly reify mark retired [
187 silly reify   '/Users/giangta/Desktop/extra learning/RESTful_Routes_CODE/RESTDemo/node_modules/balanced-match'
187 silly reify ]
188 silly reify mark retired [
188 silly reify   '/Users/giangta/Desktop/extra learning/RESTful_Routes_CODE/RESTDemo/node_modules/chalk'
188 silly reify ]
189 silly reify mark retired [
189 silly reify   '/Users/giangta/Desktop/extra learning/RESTful_Routes_CODE/RESTDemo/node_modules/color-convert'
189 silly reify ]
190 silly reify mark retired [
190 silly reify   '/Users/giangta/Desktop/extra learning/RESTful_Routes_CODE/RESTDemo/node_modules/color-name'
190 silly reify ]
191 silly reify mark retired [
191 silly reify   '/Users/giangta/Desktop/extra learning/RESTful_Routes_CODE/RESTDemo/node_modules/concat-map'
191 silly reify ]
192 silly reify mark retired [
192 silly reify   '/Users/giangta/Desktop/extra learning/RESTful_Routes_CODE/RESTDemo/node_modules/ejs',
192 silly reify   '/Users/giangta/Desktop/extra learning/RESTful_Routes_CODE/RESTDemo/node_modules/.bin/ejs'
192 silly reify ]
193 silly reify mark retired [
193 silly reify   '/Users/giangta/Desktop/extra learning/RESTful_Routes_CODE/RESTDemo/node_modules/filelist'
193 silly reify ]
194 silly reify mark retired [
194 silly reify   '/Users/giangta/Desktop/extra learning/RESTful_Routes_CODE/RESTDemo/node_modules/has-flag'
194 silly reify ]
195 silly reify mark retired [
195 silly reify   '/Users/giangta/Desktop/extra learning/RESTful_Routes_CODE/RESTDemo/node_modules/jake',
195 silly reify   '/Users/giangta/Desktop/extra learning/RESTful_Routes_CODE/RESTDemo/node_modules/.bin/jake'
195 silly reify ]
196 silly reify mark retired [
196 silly reify   '/Users/giangta/Desktop/extra learning/RESTful_Routes_CODE/RESTDemo/node_modules/minimatch'
196 silly reify ]
197 silly reify mark retired [
197 silly reify   '/Users/giangta/Desktop/extra learning/RESTful_Routes_CODE/RESTDemo/node_modules/supports-color'
197 silly reify ]
198 silly reify moves {
198 silly reify   '/Users/giangta/Desktop/extra learning/RESTful_Routes_CODE/RESTDemo/node_modules/ansi-styles': '/Users/giangta/Desktop/extra learning/RESTful_Routes_CODE/RESTDemo/node_modules/.ansi-styles-reWTqv4A',
198 silly reify   '/Users/giangta/Desktop/extra learning/RESTful_Routes_CODE/RESTDemo/node_modules/async': '/Users/giangta/Desktop/extra learning/RESTful_Routes_CODE/RESTDemo/node_modules/.async-IA9ArgRi',
198 silly reify   '/Users/giangta/Desktop/extra learning/RESTful_Routes_CODE/RESTDemo/node_modules/balanced-match': '/Users/giangta/Desktop/extra learning/RESTful_Routes_CODE/RESTDemo/node_modules/.balanced-match-CT1pS5qY',
198 silly reify   '/Users/giangta/Desktop/extra learning/RESTful_Routes_CODE/RESTDemo/node_modules/chalk': '/Users/giangta/Desktop/extra learning/RESTful_Routes_CODE/RESTDemo/node_modules/.chalk-fP9haUs9',
198 silly reify   '/Users/giangta/Desktop/extra learning/RESTful_Routes_CODE/RESTDemo/node_modules/color-convert': '/Users/giangta/Desktop/extra learning/RESTful_Routes_CODE/RESTDemo/node_modules/.color-convert-6QGnMGPO',
198 silly reify   '/Users/giangta/Desktop/extra learning/RESTful_Routes_CODE/RESTDemo/node_modules/color-name': '/Users/giangta/Desktop/extra learning/RESTful_Routes_CODE/RESTDemo/node_modules/.color-name-KPxRu1Hm',
198 silly reify   '/Users/giangta/Desktop/extra learning/RESTful_Routes_CODE/RESTDemo/node_modules/concat-map': '/Users/giangta/Desktop/extra learning/RESTful_Routes_CODE/RESTDemo/node_modules/.concat-map-sey9x9In',
198 silly reify   '/Users/giangta/Desktop/extra learning/RESTful_Routes_CODE/RESTDemo/node_modules/ejs': '/Users/giangta/Desktop/extra learning/RESTful_Routes_CODE/RESTDemo/node_modules/.ejs-hie3z1yD',
198 silly reify   '/Users/giangta/Desktop/extra learning/RESTful_Routes_CODE/RESTDemo/node_modules/.bin/ejs': '/Users/giangta/Desktop/extra learning/RESTful_Routes_CODE/RESTDemo/node_modules/.bin/.ejs-Yb9lWnpw',
198 silly reify   '/Users/giangta/Desktop/extra learning/RESTful_Routes_CODE/RESTDemo/node_modules/filelist': '/Users/giangta/Desktop/extra learning/RESTful_Routes_CODE/RESTDemo/node_modules/.filelist-8pVT4tYX',
198 silly reify   '/Users/giangta/Desktop/extra learning/RESTful_Routes_CODE/RESTDemo/node_modules/has-flag': '/Users/giangta/Desktop/extra learning/RESTful_Routes_CODE/RESTDemo/node_modules/.has-flag-C0xhl5PJ',
198 silly reify   '/Users/giangta/Desktop/extra learning/RESTful_Routes_CODE/RESTDemo/node_modules/jake': '/Users/giangta/Desktop/extra learning/RESTful_Routes_CODE/RESTDemo/node_modules/.jake-o7dkJJCo',
198 silly reify   '/Users/giangta/Desktop/extra learning/RESTful_Routes_CODE/RESTDemo/node_modules/.bin/jake': '/Users/giangta/Desktop/extra learning/RESTful_Routes_CODE/RESTDemo/node_modules/.bin/.jake-pICwGh3q',
198 silly reify   '/Users/giangta/Desktop/extra learning/RESTful_Routes_CODE/RESTDemo/node_modules/minimatch': '/Users/giangta/Desktop/extra learning/RESTful_Routes_CODE/RESTDemo/node_modules/.minimatch-NmQAsHxU',
198 silly reify   '/Users/giangta/Desktop/extra learning/RESTful_Routes_CODE/RESTDemo/node_modules/supports-color': '/Users/giangta/Desktop/extra learning/RESTful_Routes_CODE/RESTDemo/node_modules/.supports-color-VDdtzzGZ'
198 silly reify }
199 timing reify:retireShallow Completed in 4ms
200 timing reify:createSparse Completed in 4ms
201 timing reify:loadBundles Completed in 0ms
202 silly audit bulk request {
202 silly audit   accepts: [ '1.3.7' ],
202 silly audit   'ansi-styles': [ '3.2.1' ],
202 silly audit   'array-flatten': [ '1.1.1' ],
202 silly audit   async: [ '0.9.2' ],
202 silly audit   'balanced-match': [ '1.0.0' ],
202 silly audit   'body-parser': [ '1.19.0' ],
202 silly audit   'brace-expansion': [ '1.1.11' ],
202 silly audit   bytes: [ '3.1.0' ],
202 silly audit   chalk: [ '2.4.2' ],
202 silly audit   'color-convert': [ '1.9.3' ],
202 silly audit   'color-name': [ '1.1.3' ],
202 silly audit   'concat-map': [ '0.0.1' ],
202 silly audit   'content-disposition': [ '0.5.3' ],
202 silly audit   'content-type': [ '1.0.4' ],
202 silly audit   cookie: [ '0.4.0' ],
202 silly audit   'cookie-signature': [ '1.0.6' ],
202 silly audit   debug: [ '2.6.9', '3.1.0' ],
202 silly audit   depd: [ '1.1.2' ],
202 silly audit   destroy: [ '1.0.4' ],
202 silly audit   'ee-first': [ '1.1.1' ],
202 silly audit   ejs: [ '3.1.5' ],
202 silly audit   encodeurl: [ '1.0.2' ],
202 silly audit   'escape-html': [ '1.0.3' ],
202 silly audit   'escape-string-regexp': [ '1.0.5' ],
202 silly audit   etag: [ '1.8.1' ],
202 silly audit   express: [ '4.17.1' ],
202 silly audit   filelist: [ '1.0.1' ],
202 silly audit   finalhandler: [ '1.1.2' ],
202 silly audit   forwarded: [ '0.1.2' ],
202 silly audit   fresh: [ '0.5.2' ],
202 silly audit   'has-flag': [ '3.0.0' ],
202 silly audit   'http-errors': [ '1.7.2' ],
202 silly audit   'iconv-lite': [ '0.4.24' ],
202 silly audit   inherits: [ '2.0.3' ],
202 silly audit   'ipaddr.js': [ '1.9.1' ],
202 silly audit   jake: [ '10.8.2' ],
202 silly audit   'media-typer': [ '0.3.0' ],
202 silly audit   'merge-descriptors': [ '1.0.1' ],
202 silly audit   methods: [ '1.1.2' ],
202 silly audit   mime: [ '1.6.0' ],
202 silly audit   'mime-db': [ '1.44.0' ],
202 silly audit   'mime-types': [ '2.1.27' ],
202 silly audit   minimatch: [ '3.0.4' ],
202 silly audit   ms: [ '2.0.0', '2.1.1' ],
202 silly audit   negotiator: [ '0.6.2' ],
202 silly audit   'on-finished': [ '2.3.0' ],
202 silly audit   parseurl: [ '1.3.3' ],
202 silly audit   'path-to-regexp': [ '0.1.7' ],
202 silly audit   'proxy-addr': [ '2.0.6' ],
202 silly audit   qs: [ '6.7.0' ],
202 silly audit   'range-parser': [ '1.2.1' ],
202 silly audit   'raw-body': [ '2.4.0' ],
202 silly audit   'safe-buffer': [ '5.1.2' ],
202 silly audit   'safer-buffer': [ '2.1.2' ],
202 silly audit   send: [ '0.17.1' ],
202 silly audit   'serve-static': [ '1.14.1' ],
202 silly audit   setprototypeof: [ '1.1.1' ],
202 silly audit   statuses: [ '1.5.0' ],
202 silly audit   'supports-color': [ '5.5.0' ],
202 silly audit   toidentifier: [ '1.0.0' ],
202 silly audit   'type-is': [ '1.6.18' ],
202 silly audit   unpipe: [ '1.0.0' ],
202 silly audit   'utils-merge': [ '1.0.1' ],
202 silly audit   uuid: [ '8.3.0' ],
202 silly audit   vary: [ '1.1.2' ],
202 silly audit   'method-override': [ '3.0.0' ]
202 silly audit }
203 silly tarball no local data for method-override@https://registry.npmjs.org/method-override/-/method-override-3.0.0.tgz. Extracting by manifest.
204 silly tarball no local data for uuid@https://registry.npmjs.org/uuid/-/uuid-8.3.0.tgz. Extracting by manifest.
205 silly tarball no local data for unpipe@https://registry.npmjs.org/unpipe/-/unpipe-1.0.0.tgz. Extracting by manifest.
206 silly tarball no local data for ms@https://registry.npmjs.org/ms/-/ms-2.0.0.tgz. Extracting by manifest.
207 silly tarball no local data for media-typer@https://registry.npmjs.org/media-typer/-/media-typer-0.3.0.tgz. Extracting by manifest.
208 silly tarball no local data for fresh@https://registry.npmjs.org/fresh/-/fresh-0.5.2.tgz. Extracting by manifest.
209 silly tarball no local data for escape-html@https://registry.npmjs.org/escape-html/-/escape-html-1.0.3.tgz. Extracting by manifest.
210 silly tarball no local data for etag@https://registry.npmjs.org/etag/-/etag-1.8.1.tgz. Extracting by manifest.
211 silly tarball no local data for ee-first@https://registry.npmjs.org/ee-first/-/ee-first-1.1.1.tgz. Extracting by manifest.
212 silly tarball no local data for encodeurl@https://registry.npmjs.org/encodeurl/-/encodeurl-1.0.2.tgz. Extracting by manifest.
213 silly tarball no local data for has-flag@https://registry.npmjs.org/has-flag/-/has-flag-3.0.0.tgz. Extracting by manifest.
214 silly tarball no local data for ejs@https://registry.npmjs.org/ejs/-/ejs-3.1.5.tgz. Extracting by manifest.
215 silly tarball no local data for concat-map@https://registry.npmjs.org/concat-map/-/concat-map-0.0.1.tgz. Extracting by manifest.
216 silly tarball no local data for debug@https://registry.npmjs.org/debug/-/debug-3.1.0.tgz. Extracting by manifest.
217 timing reifyNode:node_modules/toidentifier Completed in 74ms
218 timing reifyNode:node_modules/escape-string-regexp Completed in 74ms
219 timing reifyNode:node_modules/array-flatten Completed in 75ms
220 timing reifyNode:node_modules/destroy Completed in 75ms
221 timing reifyNode:node_modules/ansi-styles Completed in 75ms
222 timing reifyNode:node_modules/vary Completed in 77ms
223 timing reifyNode:node_modules/utils-merge Completed in 77ms
224 timing reifyNode:node_modules/send/node_modules/ms Completed in 77ms
225 timing reifyNode:node_modules/parseurl Completed in 76ms
226 timing reifyNode:node_modules/range-parser Completed in 77ms
227 timing reifyNode:node_modules/mime-types Completed in 76ms
228 timing reifyNode:node_modules/on-finished Completed in 76ms
229 timing reifyNode:node_modules/type-is Completed in 77ms
230 timing reifyNode:node_modules/methods Completed in 76ms
231 timing reifyNode:node_modules/merge-descriptors Completed in 77ms
232 timing reifyNode:node_modules/forwarded Completed in 77ms
233 timing reifyNode:node_modules/path-to-regexp Completed in 77ms
234 timing reifyNode:node_modules/cookie-signature Completed in 77ms
235 timing reifyNode:node_modules/inherits Completed in 77ms
236 timing reifyNode:node_modules/finalhandler Completed in 77ms
237 timing reifyNode:node_modules/bytes Completed in 77ms
238 timing reifyNode:node_modules/accepts Completed in 76ms
239 timing reifyNode:node_modules/supports-color Completed in 76ms
240 timing reifyNode:node_modules/balanced-match Completed in 77ms
241 timing reifyNode:node_modules/content-type Completed in 78ms
242 timing reifyNode:node_modules/proxy-addr Completed in 79ms
243 timing reifyNode:node_modules/http-errors Completed in 78ms
244 timing reifyNode:node_modules/cookie Completed in 78ms
245 timing reifyNode:node_modules/minimatch Completed in 78ms
246 timing reifyNode:node_modules/filelist Completed in 78ms
247 timing reifyNode:node_modules/serve-static Completed in 80ms
248 timing reifyNode:node_modules/setprototypeof Completed in 80ms
249 timing reifyNode:node_modules/safe-buffer Completed in 80ms
250 timing reifyNode:node_modules/content-disposition Completed in 79ms
251 timing reifyNode:node_modules/color-name Completed in 79ms
252 timing reifyNode:node_modules/send Completed in 81ms
253 timing reifyNode:node_modules/raw-body Completed in 81ms
254 timing reifyNode:node_modules/statuses Completed in 82ms
255 timing reifyNode:node_modules/color-convert Completed in 80ms
256 timing reifyNode:node_modules/safer-buffer Completed in 83ms
257 timing reifyNode:node_modules/chalk Completed in 81ms
258 timing reifyNode:node_modules/negotiator Completed in 83ms
259 timing reifyNode:node_modules/ipaddr.js Completed in 83ms
260 timing reifyNode:node_modules/mime Completed in 94ms
261 http fetch POST 200 https://registry.npmjs.org/-/npm/v1/security/advisories/bulk 99ms
262 timing auditReport:getReport Completed in 100ms
263 silly audit report {
263 silly audit report   ejs: [
263 silly audit report     {
263 silly audit report       id: 1085466,
263 silly audit report       url: 'https://github.com/advisories/GHSA-phwq-j96m-2c2q',
263 silly audit report       title: 'ejs template injection vulnerability',
263 silly audit report       severity: 'critical',
263 silly audit report       vulnerable_versions: '<3.1.7',
263 silly audit report       cwe: [Array],
263 silly audit report       cvss: [Object]
263 silly audit report     }
263 silly audit report   ],
263 silly audit report   minimatch: [
263 silly audit report     {
263 silly audit report       id: 1088664,
263 silly audit report       url: 'https://github.com/advisories/GHSA-f8q6-p94x-37v3',
263 silly audit report       title: 'minimatch ReDoS vulnerability',
263 silly audit report       severity: 'high',
263 silly audit report       vulnerable_versions: '<3.0.5',
263 silly audit report       cwe: [Array],
263 silly audit report       cvss: [Object]
263 silly audit report     }
263 silly audit report   ],
263 silly audit report   qs: [
263 silly audit report     {
263 silly audit report       id: 1088641,
263 silly audit report       url: 'https://github.com/advisories/GHSA-hrpp-h998-j3pp',
263 silly audit report       title: 'qs vulnerable to Prototype Pollution',
263 silly audit report       severity: 'high',
263 silly audit report       vulnerable_versions: '>=6.7.0 <6.7.3',
263 silly audit report       cwe: [Array],
263 silly audit report       cvss: [Object]
263 silly audit report     }
263 silly audit report   ]
263 silly audit report }
264 timing metavuln:packument:ejs Completed in 0ms
265 timing metavuln:packument:minimatch Completed in 0ms
266 timing metavuln:packument:qs Completed in 0ms
267 timing metavuln:cache:get:security-advisory:minimatch:T8VrYSY3/XjenEjIYwVvVrQncYSiCCRWjgo0M5EwnosQ9Xl/Ew9bD2g+Z7IY3a8TaLPm3OKm6OPcwuiU/33aWA== Completed in 1ms
268 timing metavuln:load:security-advisory:minimatch:1088664 Completed in 1ms
269 timing metavuln:cache:get:security-advisory:qs:YP0R3oU/W62zTI9UcYz8TOOdJSdy2lZnyra9JM/XQemdm5NuVFpGFKwN/KHw1neg4WJwK07Akn6ho53qUg7TUw== Completed in 2ms
270 timing metavuln:load:security-advisory:qs:1088641 Completed in 2ms
271 timing reifyNode:node_modules/async Completed in 98ms
272 timing reifyNode:node_modules/body-parser Completed in 100ms
273 timing reifyNode:node_modules/depd Completed in 100ms
274 timing reifyNode:node_modules/mime-db Completed in 101ms
275 http fetch GET 200 https://registry.npmjs.org/method-override/-/method-override-3.0.0.tgz 88ms (cache miss)
276 timing reifyNode:node_modules/method-override Completed in 102ms
277 timing reifyNode:node_modules/debug Completed in 102ms
278 timing metavuln:cache:get:security-advisory:ejs:+fi8nObLiz9Oclex5rexUYlx6ZvtARGcLOByM6IMPXOe4XejU25KhVX/xgW8XVK9NBMebP7KeXETfOt/PSZqLw== Completed in 8ms
279 timing metavuln:load:security-advisory:ejs:1085466 Completed in 1ms
280 timing metavuln:calculate:security-advisory:ejs:1085466 Completed in 9ms
281 timing reifyNode:node_modules/qs Completed in 109ms
282 timing metavuln:cache:put:security-advisory:minimatch:T8VrYSY3/XjenEjIYwVvVrQncYSiCCRWjgo0M5EwnosQ9Xl/Ew9bD2g+Z7IY3a8TaLPm3OKm6OPcwuiU/33aWA== Completed in 11ms
283 timing metavuln:calculate:security-advisory:minimatch:1088664 Completed in 13ms
284 timing reifyNode:node_modules/express Completed in 109ms
285 timing metavuln:cache:put:security-advisory:qs:YP0R3oU/W62zTI9UcYz8TOOdJSdy2lZnyra9JM/XQemdm5NuVFpGFKwN/KHw1neg4WJwK07Akn6ho53qUg7TUw== Completed in 10ms
286 timing metavuln:calculate:security-advisory:qs:1088641 Completed in 14ms
287 timing metavuln:packument:filelist Completed in 1ms
288 timing metavuln:packument:jake Completed in 0ms
289 timing metavuln:cache:get:security-advisory:filelist:sszLOKwJTmayO9YfDUSKOq72ZIrW4YHm8UVr/ZDrCjmypDAnigYGHJsl5pnoo9On15DJn/3nIb/ymFJ7UtDRDQ== Completed in 1ms
290 timing metavuln:load:security-advisory:filelist:T8VrYSY3/XjenEjIYwVvVrQncYSiCCRWjgo0M5EwnosQ9Xl/Ew9bD2g+Z7IY3a8TaLPm3OKm6OPcwuiU/33aWA== Completed in 1ms
291 timing metavuln:cache:get:security-advisory:jake:lI0B8uxqiBFmPtFIOJTcnlrOXvd/6dI1FX+AF2B1Nd8qo7QEykvESPE/88KaoZVs/WC6MolepzHk5Ch+j9eeIg== Completed in 2ms
292 timing metavuln:load:security-advisory:jake:T8VrYSY3/XjenEjIYwVvVrQncYSiCCRWjgo0M5EwnosQ9Xl/Ew9bD2g+Z7IY3a8TaLPm3OKm6OPcwuiU/33aWA== Completed in 2ms
293 timing reifyNode:node_modules/iconv-lite Completed in 118ms
294 timing metavuln:cache:put:security-advisory:filelist:sszLOKwJTmayO9YfDUSKOq72ZIrW4YHm8UVr/ZDrCjmypDAnigYGHJsl5pnoo9On15DJn/3nIb/ymFJ7UtDRDQ== Completed in 10ms
295 timing metavuln:calculate:security-advisory:filelist:T8VrYSY3/XjenEjIYwVvVrQncYSiCCRWjgo0M5EwnosQ9Xl/Ew9bD2g+Z7IY3a8TaLPm3OKm6OPcwuiU/33aWA== Completed in 12ms
296 timing metavuln:cache:put:security-advisory:jake:lI0B8uxqiBFmPtFIOJTcnlrOXvd/6dI1FX+AF2B1Nd8qo7QEykvESPE/88KaoZVs/WC6MolepzHk5Ch+j9eeIg== Completed in 6ms
297 timing metavuln:calculate:security-advisory:jake:T8VrYSY3/XjenEjIYwVvVrQncYSiCCRWjgo0M5EwnosQ9Xl/Ew9bD2g+Z7IY3a8TaLPm3OKm6OPcwuiU/33aWA== Completed in 12ms
298 timing metavuln:packument:body-parser Completed in 0ms
299 timing metavuln:packument:express Completed in 0ms
300 timing metavuln:cache:get:security-advisory:express:KQwm/e7UW2zclkUmGo6pOkjRWIKq/aKOFxmf3LuD8Fyq7YB/LY9ftW7h2DUhGbmxQTXQsfig4NB5eY/jEGHEXQ== Completed in 1ms
301 timing metavuln:load:security-advisory:express:YP0R3oU/W62zTI9UcYz8TOOdJSdy2lZnyra9JM/XQemdm5NuVFpGFKwN/KHw1neg4WJwK07Akn6ho53qUg7TUw== Completed in 10ms
302 timing metavuln:cache:get:security-advisory:body-parser:eww/0H8sQF8bUS0sdefmB5IsjYEM2IpsF9Kuq3ZU7sCBMsvPSI/oS1BBCQ8lItKkNlUa4a5jlTOOeg/r8EkJtw== Completed in 12ms
303 timing metavuln:load:security-advisory:body-parser:YP0R3oU/W62zTI9UcYz8TOOdJSdy2lZnyra9JM/XQemdm5NuVFpGFKwN/KHw1neg4WJwK07Akn6ho53qUg7TUw== Completed in 1ms
304 http fetch GET 200 https://registry.npmjs.org/debug/-/debug-3.1.0.tgz 118ms (cache miss)
305 timing reifyNode:node_modules/method-override/node_modules/debug Completed in 146ms
306 http fetch GET 200 https://registry.npmjs.org/ejs/-/ejs-3.1.5.tgz 121ms (cache miss)
307 timing reifyNode:node_modules/ejs Completed in 144ms
308 timing reifyNode:node_modules/jake Completed in 145ms
309 timing metavuln:cache:put:security-advisory:body-parser:eww/0H8sQF8bUS0sdefmB5IsjYEM2IpsF9Kuq3ZU7sCBMsvPSI/oS1BBCQ8lItKkNlUa4a5jlTOOeg/r8EkJtw== Completed in 12ms
310 timing metavuln:calculate:security-advisory:body-parser:YP0R3oU/W62zTI9UcYz8TOOdJSdy2lZnyra9JM/XQemdm5NuVFpGFKwN/KHw1neg4WJwK07Akn6ho53qUg7TUw== Completed in 25ms
311 timing metavuln:cache:put:security-advisory:express:KQwm/e7UW2zclkUmGo6pOkjRWIKq/aKOFxmf3LuD8Fyq7YB/LY9ftW7h2DUhGbmxQTXQsfig4NB5eY/jEGHEXQ== Completed in 14ms
312 timing metavuln:calculate:security-advisory:express:YP0R3oU/W62zTI9UcYz8TOOdJSdy2lZnyra9JM/XQemdm5NuVFpGFKwN/KHw1neg4WJwK07Akn6ho53qUg7TUw== Completed in 25ms
313 http fetch GET 200 https://registry.npmjs.org/media-typer/-/media-typer-0.3.0.tgz 131ms (cache miss)
314 timing reifyNode:node_modules/media-typer Completed in 146ms
315 http fetch GET 200 https://registry.npmjs.org/unpipe/-/unpipe-1.0.0.tgz 132ms (cache miss)
316 timing reifyNode:node_modules/unpipe Completed in 147ms
317 timing metavuln:cache:get:security-advisory:express:7BqFInf+RNJXDoo8cWBghf72wJNVQY7PEVCVXY9CsDJopQLRLi5ktXqArebttTs9Z9L3N9yi9iBMPsfXZ76UMA== Completed in 1ms
318 timing metavuln:load:security-advisory:express:eww/0H8sQF8bUS0sdefmB5IsjYEM2IpsF9Kuq3ZU7sCBMsvPSI/oS1BBCQ8lItKkNlUa4a5jlTOOeg/r8EkJtw== Completed in 4ms
319 http fetch GET 200 https://registry.npmjs.org/escape-html/-/escape-html-1.0.3.tgz 129ms (cache miss)
320 timing reifyNode:node_modules/escape-html Completed in 151ms
321 http fetch GET 200 https://registry.npmjs.org/etag/-/etag-1.8.1.tgz 129ms (cache miss)
322 timing reifyNode:node_modules/etag Completed in 151ms
323 http fetch GET 200 https://registry.npmjs.org/fresh/-/fresh-0.5.2.tgz 137ms (cache miss)
324 timing reifyNode:node_modules/fresh Completed in 152ms
325 timing metavuln:cache:put:security-advisory:express:7BqFInf+RNJXDoo8cWBghf72wJNVQY7PEVCVXY9CsDJopQLRLi5ktXqArebttTs9Z9L3N9yi9iBMPsfXZ76UMA== Completed in 2ms
326 timing metavuln:calculate:security-advisory:express:eww/0H8sQF8bUS0sdefmB5IsjYEM2IpsF9Kuq3ZU7sCBMsvPSI/oS1BBCQ8lItKkNlUa4a5jlTOOeg/r8EkJtw== Completed in 7ms
327 timing auditReport:init Completed in 59ms
328 timing reify:audit Completed in 159ms
329 http fetch GET 200 https://registry.npmjs.org/uuid/-/uuid-8.3.0.tgz 145ms (cache miss)
330 timing reifyNode:node_modules/uuid Completed in 159ms
331 http fetch GET 200 https://registry.npmjs.org/concat-map/-/concat-map-0.0.1.tgz 179ms (cache miss)
332 timing reifyNode:node_modules/concat-map Completed in 203ms
333 http fetch GET 200 https://registry.npmjs.org/encodeurl/-/encodeurl-1.0.2.tgz 180ms (cache miss)
334 timing reifyNode:node_modules/encodeurl Completed in 204ms
335 http fetch GET 200 https://registry.npmjs.org/ms/-/ms-2.0.0.tgz 195ms (cache miss)
336 timing reifyNode:node_modules/ms Completed in 210ms
337 http fetch GET 200 https://registry.npmjs.org/has-flag/-/has-flag-3.0.0.tgz 186ms (cache miss)
338 timing reifyNode:node_modules/has-flag Completed in 209ms
339 http fetch GET 200 https://registry.npmjs.org/ee-first/-/ee-first-1.1.1.tgz 190ms (cache miss)
340 timing reifyNode:node_modules/ee-first Completed in 214ms
341 timing reify:unpack Completed in 215ms
342 timing reify:unretire Completed in 0ms
343 timing build:queue Completed in 2ms
344 timing build:link:node_modules/jake Completed in 0ms
345 timing build:link:node_modules/ejs Completed in 1ms
346 timing build:link:node_modules/mime Completed in 0ms
347 timing build:link:node_modules/uuid Completed in 1ms
348 timing build:link Completed in 2ms
349 timing build:deps Completed in 4ms
350 timing build Completed in 4ms
351 timing reify:build Completed in 4ms
352 timing reify:trash Completed in 13ms
353 timing reify:save Completed in 7ms
354 timing reify Completed in 838ms
355 silly ADD node_modules/method-override
356 silly ADD node_modules/method-override/node_modules/debug
357 silly ADD node_modules/vary
358 silly ADD node_modules/uuid
359 silly ADD node_modules/utils-merge
360 silly ADD node_modules/unpipe
361 silly ADD node_modules/type-is
362 silly ADD node_modules/toidentifier
363 silly ADD node_modules/statuses
364 silly ADD node_modules/setprototypeof
365 silly ADD node_modules/serve-static
366 silly ADD node_modules/send
367 silly ADD node_modules/send/node_modules/ms
368 silly ADD node_modules/safer-buffer
369 silly ADD node_modules/safe-buffer
370 silly ADD node_modules/raw-body
371 silly ADD node_modules/range-parser
372 silly ADD node_modules/qs
373 silly ADD node_modules/proxy-addr
374 silly ADD node_modules/path-to-regexp
375 silly ADD node_modules/parseurl
376 silly ADD node_modules/on-finished
377 silly ADD node_modules/negotiator
378 silly ADD node_modules/ms
379 silly ADD node_modules/mime-types
380 silly ADD node_modules/mime-db
381 silly ADD node_modules/mime
382 silly ADD node_modules/methods
383 silly ADD node_modules/merge-descriptors
384 silly ADD node_modules/media-typer
385 silly ADD node_modules/ipaddr.js
386 silly ADD node_modules/inherits
387 silly ADD node_modules/iconv-lite
388 silly ADD node_modules/http-errors
389 silly ADD node_modules/fresh
390 silly ADD node_modules/forwarded
391 silly ADD node_modules/finalhandler
392 silly ADD node_modules/express
393 silly ADD node_modules/etag
394 silly ADD node_modules/escape-string-regexp
395 silly ADD node_modules/escape-html
396 silly ADD node_modules/encodeurl
397 silly ADD node_modules/ee-first
398 silly ADD node_modules/destroy
399 silly ADD node_modules/depd
400 silly ADD node_modules/debug
401 silly ADD node_modules/cookie-signature
402 silly ADD node_modules/cookie
403 silly ADD node_modules/content-type
404 silly ADD node_modules/content-disposition
405 silly ADD node_modules/bytes
406 silly ADD node_modules/body-parser
407 silly ADD node_modules/array-flatten
408 silly ADD node_modules/accepts
409 silly CHANGE node_modules/supports-color
410 silly CHANGE node_modules/minimatch
411 silly CHANGE node_modules/jake
412 silly CHANGE node_modules/has-flag
413 silly CHANGE node_modules/filelist
414 silly REMOVE node_modules/filelist/node_modules/minimatch
415 silly REMOVE node_modules/filelist/node_modules/brace-expansion
416 silly CHANGE node_modules/ejs
417 silly CHANGE node_modules/concat-map
418 silly CHANGE node_modules/color-name
419 silly CHANGE node_modules/color-convert
420 silly CHANGE node_modules/chalk
421 silly CHANGE node_modules/balanced-match
422 silly CHANGE node_modules/async
423 silly CHANGE node_modules/ansi-styles
424 timing command:install Completed in 847ms
425 verbose exit 0
426 timing npm Completed in 900ms
427 info ok
