0 verbose cli /usr/local/bin/node /usr/local/bin/npm
1 info using npm@8.15.0
2 info using node@v16.17.0
3 timing npm:load:whichnode Completed in 0ms
4 timing config:load:defaults Completed in 1ms
5 timing config:load:file:/usr/local/lib/node_modules/npm/npmrc Completed in 0ms
6 timing config:load:builtin Completed in 0ms
7 timing config:load:cli Completed in 1ms
8 timing config:load:env Completed in 0ms
9 timing config:load:file:/Users/giangta/Library/Caches/typescript/4.9/.npmrc Completed in 0ms
10 timing config:load:project Completed in 2ms
11 timing config:load:file:/Users/giangta/.npmrc Completed in 2ms
12 timing config:load:user Completed in 2ms
13 timing config:load:file:/usr/local/etc/npmrc Completed in 0ms
14 timing config:load:global Completed in 0ms
15 timing config:load:validate Completed in 0ms
16 timing config:load:credentials Completed in 1ms
17 timing config:load:setEnvs Completed in 0ms
18 timing config:load Completed in 7ms
19 timing npm:load:configload Completed in 7ms
20 timing npm:load:mkdirpcache Completed in 1ms
21 timing npm:load:mkdirplogs Completed in 0ms
22 verbose title npm install types-registry@latest
23 verbose argv "install" "--ignore-scripts" "types-registry@latest"
24 timing npm:load:setTitle Completed in 5ms
25 timing config:load:flatten Completed in 1ms
26 timing npm:load:display Completed in 1ms
27 verbose logfile logs-max:10 dir:/Users/giangta/.npm/_logs
28 verbose logfile /Users/giangta/.npm/_logs/2023-01-20T20_43_58_009Z-debug-0.log
29 timing npm:load:logFile Completed in 2ms
30 timing npm:load:timers Completed in 0ms
31 timing npm:load:configScope Completed in 0ms
32 timing npm:load Completed in 17ms
33 timing arborist:ctor Completed in 0ms
34 silly logfile start cleaning logs, removing 1 files
35 silly logfile done cleaning log files
36 timing idealTree:init Completed in 15ms
37 timing arborist:ctor Completed in 0ms
38 http fetch GET 200 https://registry.npmjs.org/types-registry 98ms (cache revalidated)
39 timing idealTree:userRequests Completed in 101ms
40 silly idealTree buildDeps
41 silly fetch manifest types-registry@0.1.627
42 silly placeDep ROOT types-registry@0.1.627 REPLACE for:  want: 0.1.627
43 timing idealTree:#root Completed in 3ms
44 timing idealTree:node_modules/types-registry Completed in 0ms
45 timing idealTree:buildDeps Completed in 3ms
46 timing idealTree:fixDepFlags Completed in 0ms
47 timing idealTree Completed in 122ms
48 timing reify:loadTrees Completed in 123ms
49 timing reify:diffTrees Completed in 1ms
50 silly reify moves {}
51 timing reify:retireShallow Completed in 1ms
52 timing reify:createSparse Completed in 0ms
53 timing reify:loadBundles Completed in 0ms
54 silly audit bulk request {
54 silly audit   '@popperjs/core': [ '2.11.6' ],
54 silly audit   '@types/body-parser': [ '1.19.2' ],
54 silly audit   '@types/bootstrap': [ '5.2.6' ],
54 silly audit   '@types/browserify': [ '12.0.37' ],
54 silly audit   '@types/connect': [ '3.4.35' ],
54 silly audit   '@types/ejs': [ '3.1.1' ],
54 silly audit   '@types/eslint': [ '8.4.10' ],
54 silly audit   '@types/estree': [ '1.0.0' ],
54 silly audit   '@types/express': [ '4.17.15' ],
54 silly audit   '@types/express-serve-static-core': [ '4.17.32' ],
54 silly audit   '@types/insert-module-globals': [ '7.0.2' ],
54 silly audit   '@types/jake': [ '0.0.33' ],
54 silly audit   '@types/jquery': [ '3.5.16' ],
54 silly audit   '@types/json-schema': [ '7.0.11' ],
54 silly audit   '@types/merge-descriptors': [ '1.0.1' ],
54 silly audit   '@types/mime': [ '3.0.1' ],
54 silly audit   '@types/mocha': [ '10.0.1' ],
54 silly audit   '@types/node': [ '18.11.18' ],
54 silly audit   '@types/qs': [ '6.9.7' ],
54 silly audit   '@types/range-parser': [ '1.2.4' ],
54 silly audit   '@types/serve-static': [ '1.15.0' ],
54 silly audit   '@types/sizzle': [ '2.3.3' ],
54 silly audit   '@types/uglify-js': [ '3.17.1' ],
54 silly audit   'source-map': [ '0.6.1' ],
54 silly audit   'types-registry': [ '0.1.627' ]
54 silly audit }
55 timing reify:unpack Completed in 0ms
56 timing reify:unretire Completed in 0ms
57 timing build:queue Completed in 0ms
58 timing build:deps Completed in 0ms
59 timing build Completed in 0ms
60 timing reify:build Completed in 0ms
61 timing reify:trash Completed in 0ms
62 timing reify:save Completed in 7ms
63 http fetch POST 200 https://registry.npmjs.org/-/npm/v1/security/advisories/bulk 61ms
64 timing auditReport:getReport Completed in 63ms
65 silly audit report {}
66 timing auditReport:init Completed in 0ms
67 timing reify:audit Completed in 64ms
68 timing reify Completed in 190ms
69 timing command:install Completed in 192ms
70 verbose exit 0
71 timing npm Completed in 245ms
72 info ok
