0 verbose cli /usr/local/bin/node /usr/local/bin/npm
1 info using npm@8.15.0
2 info using node@v16.17.0
3 timing npm:load:whichnode Completed in 0ms
4 timing config:load:defaults Completed in 1ms
5 timing config:load:file:/usr/local/lib/node_modules/npm/npmrc Completed in 1ms
6 timing config:load:builtin Completed in 1ms
7 timing config:load:cli Completed in 1ms
8 timing config:load:env Completed in 0ms
9 timing config:load:file:/Users/giangta/Library/Caches/typescript/4.9/.npmrc Completed in 0ms
10 timing config:load:project Completed in 2ms
11 timing config:load:file:/Users/giangta/.npmrc Completed in 0ms
12 timing config:load:user Completed in 1ms
13 timing config:load:file:/usr/local/etc/npmrc Completed in 0ms
14 timing config:load:global Completed in 0ms
15 timing config:load:validate Completed in 0ms
16 timing config:load:credentials Completed in 0ms
17 timing config:load:setEnvs Completed in 1ms
18 timing config:load Completed in 7ms
19 timing npm:load:configload Completed in 7ms
20 timing npm:load:mkdirpcache Completed in 0ms
21 timing npm:load:mkdirplogs Completed in 0ms
22 verbose title npm install @types/method-override@ts4.9 @types/uuid@ts4.9
23 verbose argv "install" "--ignore-scripts" "@types/method-override@ts4.9" "@types/uuid@ts4.9" "--save-dev" "--user-agent" "typesInstaller/4.9.4"
24 timing npm:load:setTitle Completed in 5ms
25 timing config:load:flatten Completed in 1ms
26 timing npm:load:display Completed in 2ms
27 verbose logfile logs-max:10 dir:/Users/giangta/.npm/_logs
28 verbose logfile /Users/giangta/.npm/_logs/2023-01-20T20_43_58_406Z-debug-0.log
29 timing npm:load:logFile Completed in 2ms
30 timing npm:load:timers Completed in 0ms
31 timing npm:load:configScope Completed in 0ms
32 timing npm:load Completed in 16ms
33 timing arborist:ctor Completed in 0ms
34 silly logfile start cleaning logs, removing 1 files
35 silly logfile done cleaning log files
36 timing idealTree:init Completed in 15ms
37 timing arborist:ctor Completed in 0ms
38 http fetch GET 200 https://registry.npmjs.org/@types%2fmethod-override 78ms (cache miss)
39 http fetch GET 200 https://registry.npmjs.org/@types%2fuuid 80ms (cache miss)
40 timing idealTree:userRequests Completed in 83ms
41 silly idealTree buildDeps
42 silly fetch manifest @types/method-override@0.0.32
43 silly fetch manifest @types/uuid@9.0.0
44 silly placeDep ROOT @types/method-override@0.0.32 OK for:  want: 0.0.32
45 silly placeDep ROOT @types/uuid@9.0.0 OK for:  want: 9.0.0
46 timing idealTree:#root Completed in 3ms
47 timing idealTree:node_modules/@types/method-override Completed in 0ms
48 timing idealTree:node_modules/@types/uuid Completed in 0ms
49 timing idealTree:buildDeps Completed in 4ms
50 timing idealTree:fixDepFlags Completed in 0ms
51 timing idealTree Completed in 102ms
52 timing reify:loadTrees Completed in 103ms
53 timing reify:diffTrees Completed in 1ms
54 silly reify moves {}
55 timing reify:retireShallow Completed in 0ms
56 timing reify:createSparse Completed in 1ms
57 timing reify:loadBundles Completed in 0ms
58 silly audit bulk request {
58 silly audit   '@popperjs/core': [ '2.11.6' ],
58 silly audit   '@types/body-parser': [ '1.19.2' ],
58 silly audit   '@types/bootstrap': [ '5.2.6' ],
58 silly audit   '@types/browserify': [ '12.0.37' ],
58 silly audit   '@types/connect': [ '3.4.35' ],
58 silly audit   '@types/ejs': [ '3.1.1' ],
58 silly audit   '@types/eslint': [ '8.4.10' ],
58 silly audit   '@types/estree': [ '1.0.0' ],
58 silly audit   '@types/express': [ '4.17.15' ],
58 silly audit   '@types/express-serve-static-core': [ '4.17.32' ],
58 silly audit   '@types/insert-module-globals': [ '7.0.2' ],
58 silly audit   '@types/jake': [ '0.0.33' ],
58 silly audit   '@types/jquery': [ '3.5.16' ],
58 silly audit   '@types/json-schema': [ '7.0.11' ],
58 silly audit   '@types/merge-descriptors': [ '1.0.1' ],
58 silly audit   '@types/mime': [ '3.0.1' ],
58 silly audit   '@types/mocha': [ '10.0.1' ],
58 silly audit   '@types/node': [ '18.11.18' ],
58 silly audit   '@types/qs': [ '6.9.7' ],
58 silly audit   '@types/range-parser': [ '1.2.4' ],
58 silly audit   '@types/serve-static': [ '1.15.0' ],
58 silly audit   '@types/sizzle': [ '2.3.3' ],
58 silly audit   '@types/uglify-js': [ '3.17.1' ],
58 silly audit   'source-map': [ '0.6.1' ],
58 silly audit   'types-registry': [ '0.1.627' ],
58 silly audit   '@types/method-override': [ '0.0.32' ],
58 silly audit   '@types/uuid': [ '9.0.0' ]
58 silly audit }
59 silly tarball no local data for @types/uuid@https://registry.npmjs.org/@types/uuid/-/uuid-9.0.0.tgz. Extracting by manifest.
60 silly tarball no local data for @types/method-override@https://registry.npmjs.org/@types/method-override/-/method-override-0.0.32.tgz. Extracting by manifest.
61 http fetch GET 200 https://registry.npmjs.org/@types/uuid/-/uuid-9.0.0.tgz 41ms (cache miss)
62 timing reifyNode:node_modules/@types/uuid Completed in 43ms
63 http fetch GET 200 https://registry.npmjs.org/@types/method-override/-/method-override-0.0.32.tgz 57ms (cache miss)
64 timing reifyNode:node_modules/@types/method-override Completed in 60ms
65 timing reify:unpack Completed in 60ms
66 timing reify:unretire Completed in 0ms
67 timing build:queue Completed in 1ms
68 timing build:deps Completed in 1ms
69 timing build Completed in 1ms
70 timing reify:build Completed in 1ms
71 timing reify:trash Completed in 0ms
72 http fetch POST 200 https://registry.npmjs.org/-/npm/v1/security/advisories/bulk 70ms
73 timing auditReport:getReport Completed in 72ms
74 silly audit report {}
75 timing auditReport:init Completed in 0ms
76 timing reify:audit Completed in 72ms
77 timing reify:save Completed in 9ms
78 timing reify Completed in 182ms
79 silly ADD node_modules/@types/uuid
80 silly ADD node_modules/@types/method-override
81 timing command:install Completed in 184ms
82 verbose exit 0
83 timing npm Completed in 220ms
84 info ok
