0 verbose cli /usr/local/bin/node /usr/local/bin/npm
1 info using npm@8.15.0
2 info using node@v16.17.0
3 timing npm:load:whichnode Completed in 0ms
4 timing config:load:defaults Completed in 1ms
5 timing config:load:file:/usr/local/lib/node_modules/npm/npmrc Completed in 0ms
6 timing config:load:builtin Completed in 0ms
7 timing config:load:cli Completed in 1ms
8 timing config:load:env Completed in 0ms
9 timing config:load:file:/Users/giangta/Desktop/extra learning/RESTful_Routes_CODE/.npmrc Completed in 0ms
10 timing config:load:project Completed in 4ms
11 timing config:load:file:/Users/giangta/.npmrc Completed in 0ms
12 timing config:load:user Completed in 0ms
13 timing config:load:file:/usr/local/etc/npmrc Completed in 2ms
14 timing config:load:global Completed in 2ms
15 timing config:load:validate Completed in 0ms
16 timing config:load:credentials Completed in 1ms
17 timing config:load:setEnvs Completed in 0ms
18 timing config:load Completed in 9ms
19 timing npm:load:configload Completed in 10ms
20 timing npm:load:mkdirpcache Completed in 0ms
21 timing npm:load:mkdirplogs Completed in 0ms
22 verbose title npm i ejs
23 verbose argv "i" "ejs"
24 timing npm:load:setTitle Completed in 5ms
25 timing config:load:flatten Completed in 1ms
26 timing npm:load:display Completed in 2ms
27 verbose logfile logs-max:10 dir:/Users/giangta/.npm/_logs
28 verbose logfile /Users/giangta/.npm/_logs/2023-01-24T10_25_17_100Z-debug-0.log
29 timing npm:load:logFile Completed in 2ms
30 timing npm:load:timers Completed in 0ms
31 timing npm:load:configScope Completed in 0ms
32 timing npm:load Completed in 20ms
33 timing arborist:ctor Completed in 0ms
34 silly logfile start cleaning logs, removing 1 files
35 silly logfile done cleaning log files
36 timing arborist:ctor Completed in 0ms
37 timing idealTree:init Completed in 4ms
38 timing idealTree:userRequests Completed in 1ms
39 silly idealTree buildDeps
40 silly fetch manifest ejs@*
41 http fetch GET 200 https://registry.npmjs.org/ejs 218ms (cache revalidated)
42 silly placeDep ROOT ejs@3.1.8 OK for:  want: *
43 silly fetch manifest jake@^10.8.5
44 http fetch GET 200 https://registry.npmjs.org/jake 60ms (cache revalidated)
45 timing idealTree:#root Completed in 289ms
46 silly placeDep ROOT jake@10.8.5 OK for: ejs@3.1.8 want: ^10.8.5
47 silly fetch manifest async@^3.2.3
48 silly fetch manifest chalk@^4.0.2
49 silly fetch manifest filelist@^1.0.1
50 silly fetch manifest minimatch@^3.0.4
51 http fetch GET 200 https://registry.npmjs.org/filelist 50ms (cache revalidated)
52 http fetch GET 200 https://registry.npmjs.org/chalk 301ms (cache revalidated)
53 http fetch GET 200 https://registry.npmjs.org/async 307ms (cache revalidated)
54 http fetch GET 200 https://registry.npmjs.org/minimatch 449ms (cache updated)
55 timing idealTree:node_modules/ejs Completed in 456ms
56 silly placeDep ROOT async@3.2.4 OK for: jake@10.8.5 want: ^3.2.3
57 silly placeDep ROOT chalk@4.1.2 OK for: jake@10.8.5 want: ^4.0.2
58 silly placeDep ROOT filelist@1.0.4 OK for: jake@10.8.5 want: ^1.0.1
59 silly placeDep ROOT minimatch@3.1.2 OK for: jake@10.8.5 want: ^3.0.4
60 silly fetch manifest ansi-styles@^4.1.0
61 silly fetch manifest supports-color@^7.1.0
62 silly fetch manifest minimatch@^5.0.1
63 silly fetch manifest brace-expansion@^1.1.7
64 http fetch GET 200 https://registry.npmjs.org/supports-color 43ms (cache revalidated)
65 http fetch GET 200 https://registry.npmjs.org/ansi-styles 50ms (cache revalidated)
66 http fetch GET 200 https://registry.npmjs.org/brace-expansion 59ms (cache revalidated)
67 timing idealTree:node_modules/jake Completed in 68ms
68 timing idealTree:node_modules/async Completed in 0ms
69 silly placeDep ROOT ansi-styles@4.3.0 OK for: chalk@4.1.2 want: ^4.1.0
70 silly placeDep ROOT supports-color@7.2.0 OK for: chalk@4.1.2 want: ^7.1.0
71 silly fetch manifest color-convert@^2.0.1
72 silly fetch manifest has-flag@^4.0.0
73 http fetch GET 200 https://registry.npmjs.org/has-flag 46ms (cache revalidated)
74 http fetch GET 200 https://registry.npmjs.org/color-convert 49ms (cache revalidated)
75 timing idealTree:node_modules/chalk Completed in 53ms
76 silly placeDep ROOT color-convert@2.0.1 OK for: ansi-styles@4.3.0 want: ^2.0.1
77 silly fetch manifest color-name@~1.1.4
78 http fetch GET 200 https://registry.npmjs.org/color-name 55ms (cache revalidated)
79 timing idealTree:node_modules/ansi-styles Completed in 58ms
80 silly placeDep ROOT color-name@1.1.4 OK for: color-convert@2.0.1 want: ~1.1.4
81 timing idealTree:node_modules/color-convert Completed in 1ms
82 timing idealTree:node_modules/color-name Completed in 0ms
83 silly placeDep node_modules/filelist minimatch@5.1.6 OK for: filelist@1.0.4 want: ^5.0.1
84 silly fetch manifest brace-expansion@^2.0.1
85 timing idealTree:node_modules/filelist Completed in 2ms
86 silly placeDep ROOT brace-expansion@1.1.11 OK for: minimatch@3.1.2 want: ^1.1.7
87 silly fetch manifest balanced-match@^1.0.0
88 silly fetch manifest concat-map@0.0.1
89 http fetch GET 200 https://registry.npmjs.org/concat-map 47ms (cache revalidated)
90 http fetch GET 200 https://registry.npmjs.org/balanced-match 49ms (cache revalidated)
91 timing idealTree:node_modules/minimatch Completed in 51ms
92 silly placeDep ROOT balanced-match@1.0.2 OK for: brace-expansion@1.1.11 want: ^1.0.0
93 silly placeDep ROOT concat-map@0.0.1 OK for: brace-expansion@1.1.11 want: 0.0.1
94 timing idealTree:node_modules/brace-expansion Completed in 4ms
95 timing idealTree:node_modules/balanced-match Completed in 0ms
96 timing idealTree:node_modules/concat-map Completed in 0ms
97 silly placeDep ROOT has-flag@4.0.0 OK for: supports-color@7.2.0 want: ^4.0.0
98 timing idealTree:node_modules/supports-color Completed in 1ms
99 timing idealTree:node_modules/has-flag Completed in 0ms
100 silly placeDep node_modules/filelist brace-expansion@2.0.1 OK for: minimatch@5.1.6 want: ^2.0.1
101 timing idealTree:node_modules/filelist/node_modules/minimatch Completed in 1ms
102 timing idealTree:node_modules/filelist/node_modules/brace-expansion Completed in 0ms
103 timing idealTree:buildDeps Completed in 984ms
104 timing idealTree:fixDepFlags Completed in 0ms
105 timing idealTree Completed in 991ms
106 timing reify:loadTrees Completed in 991ms
107 timing reify:diffTrees Completed in 1ms
108 silly reify moves {}
109 timing reify:retireShallow Completed in 0ms
110 timing reify:createSparse Completed in 3ms
111 timing reify:loadBundles Completed in 0ms
112 silly audit bulk request {
112 silly audit   ejs: [ '3.1.8' ],
112 silly audit   jake: [ '10.8.5' ],
112 silly audit   async: [ '3.2.4' ],
112 silly audit   chalk: [ '4.1.2' ],
112 silly audit   filelist: [ '1.0.4' ],
112 silly audit   minimatch: [ '3.1.2', '5.1.6' ],
112 silly audit   'ansi-styles': [ '4.3.0' ],
112 silly audit   'supports-color': [ '7.2.0' ],
112 silly audit   'color-convert': [ '2.0.1' ],
112 silly audit   'color-name': [ '1.1.4' ],
112 silly audit   'brace-expansion': [ '1.1.11', '2.0.1' ],
112 silly audit   'balanced-match': [ '1.0.2' ],
112 silly audit   'concat-map': [ '0.0.1' ],
112 silly audit   'has-flag': [ '4.0.0' ]
112 silly audit }
113 silly tarball no local data for minimatch@https://registry.npmjs.org/minimatch/-/minimatch-5.1.6.tgz. Extracting by manifest.
114 timing reifyNode:node_modules/color-name Completed in 34ms
115 timing reifyNode:node_modules/brace-expansion Completed in 36ms
116 timing reifyNode:node_modules/supports-color Completed in 35ms
117 timing reifyNode:node_modules/has-flag Completed in 36ms
118 timing reifyNode:node_modules/balanced-match Completed in 36ms
119 timing reifyNode:node_modules/ansi-styles Completed in 35ms
120 timing reifyNode:node_modules/filelist/node_modules/brace-expansion Completed in 35ms
121 timing reifyNode:node_modules/minimatch Completed in 35ms
122 timing reifyNode:node_modules/filelist Completed in 36ms
123 timing reifyNode:node_modules/concat-map Completed in 37ms
124 timing reifyNode:node_modules/color-convert Completed in 36ms
125 timing reifyNode:node_modules/chalk Completed in 36ms
126 timing reifyNode:node_modules/ejs Completed in 37ms
127 timing reifyNode:node_modules/jake Completed in 41ms
128 timing reifyNode:node_modules/async Completed in 47ms
129 http fetch GET 200 https://registry.npmjs.org/minimatch/-/minimatch-5.1.6.tgz 58ms (cache miss)
130 timing reifyNode:node_modules/filelist/node_modules/minimatch Completed in 66ms
131 timing reify:unpack Completed in 67ms
132 timing reify:unretire Completed in 0ms
133 timing build:queue Completed in 1ms
134 timing build:link:node_modules/jake Completed in 1ms
135 timing build:link:node_modules/ejs Completed in 1ms
136 timing build:link Completed in 1ms
137 timing build:deps Completed in 2ms
138 timing build Completed in 2ms
139 timing reify:build Completed in 2ms
140 timing reify:trash Completed in 0ms
141 timing reify:save Completed in 3ms
142 http fetch POST 200 https://registry.npmjs.org/-/npm/v1/security/advisories/bulk 2642ms
143 timing auditReport:getReport Completed in 2643ms
144 silly audit report {}
145 timing auditReport:init Completed in 0ms
146 timing reify:audit Completed in 2644ms
147 timing reify Completed in 3643ms
148 silly ADD node_modules/has-flag
149 silly ADD node_modules/concat-map
150 silly ADD node_modules/balanced-match
151 silly ADD node_modules/brace-expansion
152 silly ADD node_modules/color-name
153 silly ADD node_modules/color-convert
154 silly ADD node_modules/supports-color
155 silly ADD node_modules/ansi-styles
156 silly ADD node_modules/minimatch
157 silly ADD node_modules/filelist
158 silly ADD node_modules/filelist/node_modules/brace-expansion
159 silly ADD node_modules/filelist/node_modules/minimatch
160 silly ADD node_modules/chalk
161 silly ADD node_modules/async
162 silly ADD node_modules/jake
163 silly ADD node_modules/ejs
164 timing command:i Completed in 3649ms
165 verbose exit 0
166 timing npm Completed in 3700ms
167 info ok
